  FPSControll.cpp
C:\Users\shanb\Desktop\GitData\MuscleContest\Muscle Contest\FPSControll.cpp(11,41): warning C4244: '=': 'LONGLONG' から 'double' への変換です。データが失われる可能性があります。
C:\Users\shanb\Desktop\GitData\MuscleContest\Muscle Contest\FPSControll.cpp(25,38): warning C4244: '=': 'LONGLONG' から 'double' への変換です。データが失われる可能性があります。
C:\Users\shanb\Desktop\GitData\MuscleContest\Muscle Contest\FPSControll.cpp(54,17): warning C4244: '初期化中': 'LONGLONG' から 'double' への変換です。データが失われる可能性があります。
  Main.cpp
C:\Users\shanb\Desktop\GitData\MuscleContest\Muscle Contest\ScoreRanking.h(107,10): warning C4267: '引数': 'size_t' から 'int' に変換しました。データが失われているかもしれません。
  PlayScene.cpp
C:\Users\shanb\Desktop\GitData\MuscleContest\Muscle Contest\PlayScene.cpp(164,43): warning C4244: '=': 'int' から 'float' への変換です。データが失われる可能性があります。
C:\Users\shanb\Desktop\GitData\MuscleContest\Muscle Contest\PlayScene.cpp(167,41): warning C4244: '引数': 'float' から 'int' への変換です。データが失われる可能性があります。
  PlaySceneManager.cpp
  SceneManager.cpp
C:\Users\shanb\Desktop\GitData\MuscleContest\Muscle Contest\ScoreRanking.h(107,10): warning C4267: '引数': 'size_t' から 'int' に変換しました。データが失われているかもしれません。
  ScoreRanking.cpp
C:\Users\shanb\Desktop\GitData\MuscleContest\Muscle Contest\ScoreRanking.h(107,10): warning C4267: '引数': 'size_t' から 'int' に変換しました。データが失われているかもしれません。
C:\Users\shanb\Desktop\GitData\MuscleContest\Muscle Contest\ScoreRanking.cpp(48,33): warning C4244: '引数': 'const float' から 'int' への変換です。データが失われる可能性があります。
C:\Users\shanb\Desktop\GitData\MuscleContest\Muscle Contest\ScoreRanking.cpp(48,12): warning C4244: '引数': 'const float' から 'int' への変換です。データが失われる可能性があります。
C:\Users\shanb\Desktop\GitData\MuscleContest\Muscle Contest\ScoreRanking.cpp(49,31): warning C4244: '引数': 'const float' から 'int' への変換です。データが失われる可能性があります。
C:\Users\shanb\Desktop\GitData\MuscleContest\Muscle Contest\ScoreRanking.cpp(49,12): warning C4244: '引数': 'const float' から 'int' への変換です。データが失われる可能性があります。
C:\Users\shanb\Desktop\GitData\MuscleContest\Muscle Contest\ScoreRanking.cpp(59,16): warning C4267: '初期化中': 'size_t' から 'int' に変換しました。データが失われているかもしれません。
  コード生成しています。
  Previous IPDB and IOBJ mismatch, fall back to full compilation.
  All 4053 functions were compiled because no usable IPDB/IOBJ from previous compilation was found.
  コード生成が終了しました。
  Muscle Contest.vcxproj -> C:\Users\shanb\Desktop\GitData\MuscleContest\x64\Release\Muscle Contest.exe
