  BackgroundMusic.cpp
C:\Users\shanb\Desktop\GitData\MuscleContestScript\Muscle Contest\BackgroundMusic.cpp(86,28): warning C4244: '初期化中': 'int' から 'float' への変換です。データが失われる可能性があります。
C:\Users\shanb\Desktop\GitData\MuscleContestScript\Muscle Contest\BackgroundMusic.cpp(96,43): warning C4244: '引数': 'float' から 'int' への変換です。データが失われる可能性があります。
  Camera.cpp
  CameraManager.cpp
  FPSControll.cpp
C:\Users\shanb\Desktop\GitData\MuscleContestScript\Muscle Contest\FPSControll.cpp(11,41): warning C4244: '=': 'LONGLONG' から 'double' への変換です。データが失われる可能性があります。
C:\Users\shanb\Desktop\GitData\MuscleContestScript\Muscle Contest\FPSControll.cpp(25,38): warning C4244: '=': 'LONGLONG' から 'double' への変換です。データが失われる可能性があります。
C:\Users\shanb\Desktop\GitData\MuscleContestScript\Muscle Contest\FPSControll.cpp(54,17): warning C4244: '初期化中': 'LONGLONG' から 'double' への変換です。データが失われる可能性があります。
  HitKeyCheck.cpp
  Input.cpp
  Light.cpp
  LightManager.cpp
  Main.cpp
  Map.cpp
  MapManager.cpp
  NPCInput.cpp
  NPCManager.cpp
  NPCModel.cpp
  Animation.cpp
  PlayerManager.cpp
  PlayerModel.cpp
  CharacterState.cpp
  PlayScene.cpp
C:\Users\shanb\Desktop\GitData\MuscleContestScript\Muscle Contest\PlayScene.cpp(164,43): warning C4244: '=': 'int' から 'float' への変換です。データが失われる可能性があります。
C:\Users\shanb\Desktop\GitData\MuscleContestScript\Muscle Contest\PlayScene.cpp(167,41): warning C4244: '引数': 'float' から 'int' への変換です。データが失われる可能性があります。
  PlaySceneManager.cpp
  コードを生成中...
  コンパイル中...
  ResultScene.cpp
  ResultSceneManager.cpp
  SceneManager.cpp
  Score.cpp
  ScoreManager.cpp
  ScoreRanking.cpp
C:\Users\shanb\Desktop\GitData\MuscleContestScript\Muscle Contest\ScoreRanking.cpp(46,33): warning C4244: '引数': 'const float' から 'int' への変換です。データが失われる可能性があります。
C:\Users\shanb\Desktop\GitData\MuscleContestScript\Muscle Contest\ScoreRanking.cpp(46,12): warning C4244: '引数': 'const float' から 'int' への変換です。データが失われる可能性があります。
C:\Users\shanb\Desktop\GitData\MuscleContestScript\Muscle Contest\ScoreRanking.cpp(47,31): warning C4244: '引数': 'const float' から 'int' への変換です。データが失われる可能性があります。
C:\Users\shanb\Desktop\GitData\MuscleContestScript\Muscle Contest\ScoreRanking.cpp(47,12): warning C4244: '引数': 'const float' から 'int' への変換です。データが失われる可能性があります。
C:\Users\shanb\Desktop\GitData\MuscleContestScript\Muscle Contest\ScoreRanking.cpp(55,15): warning C4267: '初期化中': 'size_t' から 'int' に変換しました。データが失われているかもしれません。
  SoundEffect.cpp
  SoundManager.cpp
  TitleScene.cpp
C:\Users\shanb\Desktop\GitData\MuscleContestScript\Muscle Contest\TitleScene.cpp(101,27): warning C4244: '引数': 'const float' から 'int' への変換です。データが失われる可能性があります。
C:\Users\shanb\Desktop\GitData\MuscleContestScript\Muscle Contest\TitleScene.cpp(101,13): warning C4244: '引数': 'const float' から 'int' への変換です。データが失われる可能性があります。
C:\Users\shanb\Desktop\GitData\MuscleContestScript\Muscle Contest\TitleScene.cpp(102,27): warning C4244: '引数': 'const float' から 'int' への変換です。データが失われる可能性があります。
C:\Users\shanb\Desktop\GitData\MuscleContestScript\Muscle Contest\TitleScene.cpp(102,13): warning C4244: '引数': 'const float' から 'int' への変換です。データが失われる可能性があります。
C:\Users\shanb\Desktop\GitData\MuscleContestScript\Muscle Contest\TitleScene.cpp(103,25): warning C4244: '引数': 'const float' から 'int' への変換です。データが失われる可能性があります。
C:\Users\shanb\Desktop\GitData\MuscleContestScript\Muscle Contest\TitleScene.cpp(103,13): warning C4244: '引数': 'const float' から 'int' への変換です。データが失われる可能性があります。
C:\Users\shanb\Desktop\GitData\MuscleContestScript\Muscle Contest\TitleScene.cpp(110,27): warning C4244: '引数': 'const float' から 'int' への変換です。データが失われる可能性があります。
C:\Users\shanb\Desktop\GitData\MuscleContestScript\Muscle Contest\TitleScene.cpp(110,13): warning C4244: '引数': 'const float' から 'int' への変換です。データが失われる可能性があります。
C:\Users\shanb\Desktop\GitData\MuscleContestScript\Muscle Contest\TitleScene.cpp(113,27): warning C4244: '引数': 'const float' から 'int' への変換です。データが失われる可能性があります。
C:\Users\shanb\Desktop\GitData\MuscleContestScript\Muscle Contest\TitleScene.cpp(113,13): warning C4244: '引数': 'const float' から 'int' への変換です。データが失われる可能性があります。
C:\Users\shanb\Desktop\GitData\MuscleContestScript\Muscle Contest\TitleScene.cpp(114,25): warning C4244: '引数': 'const float' から 'int' への変換です。データが失われる可能性があります。
C:\Users\shanb\Desktop\GitData\MuscleContestScript\Muscle Contest\TitleScene.cpp(114,13): warning C4244: '引数': 'const float' から 'int' への変換です。データが失われる可能性があります。
C:\Users\shanb\Desktop\GitData\MuscleContestScript\Muscle Contest\TitleScene.cpp(121,27): warning C4244: '引数': 'const float' から 'int' への変換です。データが失われる可能性があります。
C:\Users\shanb\Desktop\GitData\MuscleContestScript\Muscle Contest\TitleScene.cpp(121,13): warning C4244: '引数': 'const float' から 'int' への変換です。データが失われる可能性があります。
C:\Users\shanb\Desktop\GitData\MuscleContestScript\Muscle Contest\TitleScene.cpp(124,27): warning C4244: '引数': 'const float' から 'int' への変換です。データが失われる可能性があります。
C:\Users\shanb\Desktop\GitData\MuscleContestScript\Muscle Contest\TitleScene.cpp(124,13): warning C4244: '引数': 'const float' から 'int' への変換です。データが失われる可能性があります。
C:\Users\shanb\Desktop\GitData\MuscleContestScript\Muscle Contest\TitleScene.cpp(125,25): warning C4244: '引数': 'const float' から 'int' への変換です。データが失われる可能性があります。
C:\Users\shanb\Desktop\GitData\MuscleContestScript\Muscle Contest\TitleScene.cpp(125,13): warning C4244: '引数': 'const float' から 'int' への変換です。データが失われる可能性があります。
C:\Users\shanb\Desktop\GitData\MuscleContestScript\Muscle Contest\TitleScene.cpp(132,25): warning C4244: '引数': 'const float' から 'int' への変換です。データが失われる可能性があります。
C:\Users\shanb\Desktop\GitData\MuscleContestScript\Muscle Contest\TitleScene.cpp(132,13): warning C4244: '引数': 'const float' から 'int' への変換です。データが失われる可能性があります。
C:\Users\shanb\Desktop\GitData\MuscleContestScript\Muscle Contest\TitleScene.cpp(135,27): warning C4244: '引数': 'const float' から 'int' への変換です。データが失われる可能性があります。
C:\Users\shanb\Desktop\GitData\MuscleContestScript\Muscle Contest\TitleScene.cpp(135,13): warning C4244: '引数': 'const float' から 'int' への変換です。データが失われる可能性があります。
C:\Users\shanb\Desktop\GitData\MuscleContestScript\Muscle Contest\TitleScene.cpp(136,27): warning C4244: '引数': 'const float' から 'int' への変換です。データが失われる可能性があります。
C:\Users\shanb\Desktop\GitData\MuscleContestScript\Muscle Contest\TitleScene.cpp(136,13): warning C4244: '引数': 'const float' から 'int' への変換です。データが失われる可能性があります。
  TitleSceneManager.cpp
  コードを生成中...
C:\Users\shanb\Desktop\GitData\MuscleContestScript\Muscle Contest\ScoreRanking.cpp(160): warning C4715: '`ScoreRanking::PostRanking'::`2'::<lambda_2>::operator()': 値を返さないコントロール パスがあります。
C:\Users\shanb\Desktop\GitData\MuscleContestScript\Muscle Contest\ScoreRanking.cpp(117): warning C4715: '`ScoreRanking::GetRanking'::`2'::<lambda_2>::operator()': 値を返さないコントロール パスがあります。
  LINK : 前回のインクリメンタル リンクで C:\Users\shanb\Desktop\GitData\MuscleContestScript\x64\Debug\Muscle Contest.exe が見つからなかったか、ビルドされませんでした。フル リンクを行います。
  Muscle Contest.vcxproj -> C:\Users\shanb\Desktop\GitData\MuscleContestScript\x64\Debug\Muscle Contest.exe
  'pwsh.exe' は、内部コマンドまたは外部コマンド、
  操作可能なプログラムまたはバッチ ファイルとして認識されていません。
